<?xml version="1.0" encoding="UTF-8"?>
<!-- Generated by org.testng.reporters.JUnitReportReporter -->
<testsuite hostname="LAPTOP-NILJVJHK" failures="0" tests="2" name="Test03" time="0.012" errors="0" timestamp="2020-10-27T10:36:59 IST" skipped="0">
  <testcase classname="Test03" name="f" time="0.007"/>
  <system-out/>
  <testcase classname="Test03" name="f" time="0.005"/>
  <system-out/>
</testsuite> <!-- Test03 -->
