<?xml version="1.0" encoding="UTF-8"?>
<!-- Generated by org.testng.reporters.JUnitReportReporter -->
<testsuite hostname="LAPTOP-NILJVJHK" failures="0" tests="2" name="Test1" time="18.125" errors="0" timestamp="2020-10-27T10:36:59 IST" skipped="0">
  <testcase classname="Test1" name="LaunchBrowser" time="14.891"/>
  <system-out/>
  <testcase classname="Test1" name="TestUI1" time="3.234"/>
  <system-out/>
</testsuite> <!-- Test1 -->
